<?xml version="1.0" encoding="UTF-8"?>
<testsuite name="org.springframework.samples.petclinic.owner.OwnerControllerTests" tests="12" skipped="0" failures="0" errors="0" timestamp="2025-06-06T21:06:26" hostname="Joels-Laptop.lan" time="0.179">
  <properties/>
  <testcase name="testProcessUpdateOwnerFormHasErrors()" classname="org.springframework.samples.petclinic.owner.OwnerControllerTests" time="0.097"/>
  <testcase name="testProcessCreationFormSuccess()" classname="org.springframework.samples.petclinic.owner.OwnerControllerTests" time="0.005"/>
  <testcase name="testInitFindForm()" classname="org.springframework.samples.petclinic.owner.OwnerControllerTests" time="0.009"/>
  <testcase name="testShowOwner()" classname="org.springframework.samples.petclinic.owner.OwnerControllerTests" time="0.017"/>
  <testcase name="testInitUpdateOwnerForm()" classname="org.springframework.samples.petclinic.owner.OwnerControllerTests" time="0.008"/>
  <testcase name="testInitCreationForm()" classname="org.springframework.samples.petclinic.owner.OwnerControllerTests" time="0.006"/>
  <testcase name="testProcessFindFormByLastName()" classname="org.springframework.samples.petclinic.owner.OwnerControllerTests" time="0.004"/>
  <testcase name="testProcessFindFormNoOwnersFound()" classname="org.springframework.samples.petclinic.owner.OwnerControllerTests" time="0.004"/>
  <testcase name="testProcessFindFormSuccess()" classname="org.springframework.samples.petclinic.owner.OwnerControllerTests" time="0.009"/>
  <testcase name="testProcessUpdateOwnerFormSuccess()" classname="org.springframework.samples.petclinic.owner.OwnerControllerTests" time="0.002"/>
  <testcase name="testProcessCreationFormHasErrors()" classname="org.springframework.samples.petclinic.owner.OwnerControllerTests" time="0.005"/>
  <testcase name="testProcessUpdateOwnerFormUnchangedSuccess()" classname="org.springframework.samples.petclinic.owner.OwnerControllerTests" time="0.004"/>
  <system-out><![CDATA[2025-06-06T22:06:25.935+01:00  INFO 28389 --- [    Test worker] t.c.s.AnnotationConfigContextLoaderUtils : Could not detect default configuration classes for test class [org.springframework.samples.petclinic.owner.OwnerControllerTests]: OwnerControllerTests does not declare any static, non-private, non-final, nested classes annotated with @Configuration.
2025-06-06T22:06:25.975+01:00  INFO 28389 --- [    Test worker] .b.t.c.SpringBootTestContextBootstrapper : Found @SpringBootConfiguration org.springframework.samples.petclinic.PetClinicApplication for test class org.springframework.samples.petclinic.owner.OwnerControllerTests


              |\      _,,,--,,_
             /,`.-'`'   ._  \-;;,_
  _______ __|,4-  ) )_   .;.(__`'-'__     ___ __    _ ___ _______
 |       | '---''(_/._)-'(_\_)   |   |   |   |  |  | |   |       |
 |    _  |    ___|_     _|       |   |   |   |   |_| |   |       | __ _ _
 |   |_| |   |___  |   | |       |   |   |   |       |   |       | \ \ \ \
 |    ___|    ___| |   | |      _|   |___|   |  _    |   |      _|  \ \ \ \
 |   |   |   |___  |   | |     |_|       |   | | |   |   |     |_    ) ) ) )
 |___|   |_______| |___| |_______|_______|___|_|  |__|___|_______|  / / / /
 ==================================================================/_/_/_/

:: Built with Spring Boot :: 3.2.0


2025-06-06T22:06:26.000+01:00  INFO 28389 --- [    Test worker] o.s.s.p.owner.OwnerControllerTests       : Starting OwnerControllerTests using Java 17.0.15 with PID 28389 (started by joelirish in /Users/joelirish/DevOps/DevSecops_Pipeline)
2025-06-06T22:06:26.000+01:00  INFO 28389 --- [    Test worker] o.s.s.p.owner.OwnerControllerTests       : No active profile set, falling back to 1 default profile: "default"
2025-06-06T22:06:26.323+01:00  INFO 28389 --- [    Test worker] o.s.b.t.m.w.SpringBootMockServletContext : Initializing Spring TestDispatcherServlet ''
2025-06-06T22:06:26.323+01:00  INFO 28389 --- [    Test worker] o.s.t.web.servlet.TestDispatcherServlet  : Initializing Servlet ''
2025-06-06T22:06:26.324+01:00  INFO 28389 --- [    Test worker] o.s.t.web.servlet.TestDispatcherServlet  : Completed initialization in 1 ms
2025-06-06T22:06:26.331+01:00  INFO 28389 --- [    Test worker] o.s.s.p.owner.OwnerControllerTests       : Started OwnerControllerTests in 0.347 seconds (process running for 42.383)
]]></system-out>
  <system-err><![CDATA[]]></system-err>
</testsuite>
