<?xml version="1.0" encoding="UTF-8"?>
<testsuite name="org.springframework.samples.petclinic.vet.VetControllerTests" tests="2" skipped="0" failures="0" errors="0" timestamp="2025-06-06T21:06:28" hostname="Joels-Laptop.lan" time="0.057">
  <properties/>
  <testcase name="testShowVetListHtml()" classname="org.springframework.samples.petclinic.vet.VetControllerTests" time="0.02"/>
  <testcase name="testShowResourcesVetList()" classname="org.springframework.samples.petclinic.vet.VetControllerTests" time="0.036"/>
  <system-out><![CDATA[2025-06-06T22:06:27.956+01:00  INFO 28389 --- [    Test worker] t.c.s.AnnotationConfigContextLoaderUtils : Could not detect default configuration classes for test class [org.springframework.samples.petclinic.vet.VetControllerTests]: VetControllerTests does not declare any static, non-private, non-final, nested classes annotated with @Configuration.
2025-06-06T22:06:27.965+01:00  INFO 28389 --- [    Test worker] .b.t.c.SpringBootTestContextBootstrapper : Found @SpringBootConfiguration org.springframework.samples.petclinic.PetClinicApplication for test class org.springframework.samples.petclinic.vet.VetControllerTests


              |\      _,,,--,,_
             /,`.-'`'   ._  \-;;,_
  _______ __|,4-  ) )_   .;.(__`'-'__     ___ __    _ ___ _______
 |       | '---''(_/._)-'(_\_)   |   |   |   |  |  | |   |       |
 |    _  |    ___|_     _|       |   |   |   |   |_| |   |       | __ _ _
 |   |_| |   |___  |   | |       |   |   |   |       |   |       | \ \ \ \
 |    ___|    ___| |   | |      _|   |___|   |  _    |   |      _|  \ \ \ \
 |   |   |   |___  |   | |     |_|       |   | | |   |   |     |_    ) ) ) )
 |___|   |_______| |___| |_______|_______|___|_|  |__|___|_______|  / / / /
 ==================================================================/_/_/_/

:: Built with Spring Boot :: 3.2.0


2025-06-06T22:06:27.975+01:00  INFO 28389 --- [    Test worker] o.s.s.petclinic.vet.VetControllerTests   : Starting VetControllerTests using Java 17.0.15 with PID 28389 (started by joelirish in /Users/joelirish/DevOps/DevSecops_Pipeline)
2025-06-06T22:06:27.975+01:00  INFO 28389 --- [    Test worker] o.s.s.petclinic.vet.VetControllerTests   : No active profile set, falling back to 1 default profile: "default"
2025-06-06T22:06:28.095+01:00  INFO 28389 --- [    Test worker] o.s.b.t.m.w.SpringBootMockServletContext : Initializing Spring TestDispatcherServlet ''
2025-06-06T22:06:28.095+01:00  INFO 28389 --- [    Test worker] o.s.t.web.servlet.TestDispatcherServlet  : Initializing Servlet ''
2025-06-06T22:06:28.096+01:00  INFO 28389 --- [    Test worker] o.s.t.web.servlet.TestDispatcherServlet  : Completed initialization in 1 ms
2025-06-06T22:06:28.099+01:00  INFO 28389 --- [    Test worker] o.s.s.petclinic.vet.VetControllerTests   : Started VetControllerTests in 0.132 seconds (process running for 44.151)
]]></system-out>
  <system-err><![CDATA[]]></system-err>
</testsuite>
