<?xml version="1.0" encoding="UTF-8"?>
<testsuite name="org.springframework.samples.petclinic.MySqlIntegrationTests" tests="2" skipped="0" failures="0" errors="0" timestamp="2025-06-06T21:06:13" hostname="Joels-Laptop.lan" time="0.724">
  <properties/>
  <testcase name="testFindAll()" classname="org.springframework.samples.petclinic.MySqlIntegrationTests" time="0.469"/>
  <testcase name="testOwnerDetails()" classname="org.springframework.samples.petclinic.MySqlIntegrationTests" time="0.254"/>
  <system-out><![CDATA[22:05:49.857 [Test worker] INFO org.springframework.test.context.support.AnnotationConfigContextLoaderUtils -- Could not detect default configuration classes for test class [org.springframework.samples.petclinic.MySqlIntegrationTests]: MySqlIntegrationTests does not declare any static, non-private, non-final, nested classes annotated with @Configuration.
22:05:49.869 [Test worker] INFO tc.mysql:8.2 -- Pulling docker image: mysql:8.2. Please be patient; this may take some time but only needs to be done once.
22:05:51.146 [docker-java-stream--433032917] INFO tc.mysql:8.2 -- Starting to pull image
22:05:51.148 [docker-java-stream--433032917] INFO tc.mysql:8.2 -- Pulling image layers:  0 pending,  0 downloaded,  0 extracted, (0 bytes/0 bytes)
22:05:51.898 [docker-java-stream--433032917] INFO tc.mysql:8.2 -- Pulling image layers:  9 pending,  1 downloaded,  0 extracted, (885 bytes/? MB)
22:05:51.946 [docker-java-stream--433032917] INFO tc.mysql:8.2 -- Pulling image layers:  8 pending,  2 downloaded,  0 extracted, (10 KB/? MB)
22:05:52.384 [docker-java-stream--433032917] INFO tc.mysql:8.2 -- Pulling image layers:  7 pending,  3 downloaded,  0 extracted, (22 MB/? MB)
22:05:52.631 [docker-java-stream--433032917] INFO tc.mysql:8.2 -- Pulling image layers:  6 pending,  4 downloaded,  0 extracted, (32 MB/? MB)
22:05:52.912 [docker-java-stream--433032917] INFO tc.mysql:8.2 -- Pulling image layers:  5 pending,  5 downloaded,  0 extracted, (43 MB/? MB)
22:05:53.002 [docker-java-stream--433032917] INFO tc.mysql:8.2 -- Pulling image layers:  4 pending,  6 downloaded,  0 extracted, (47 MB/? MB)
22:05:53.308 [docker-java-stream--433032917] INFO tc.mysql:8.2 -- Pulling image layers:  3 pending,  7 downloaded,  0 extracted, (60 MB/? MB)
22:05:53.776 [docker-java-stream--433032917] INFO tc.mysql:8.2 -- Pulling image layers:  3 pending,  7 downloaded,  1 extracted, (91 MB/? MB)
22:05:53.777 [docker-java-stream--433032917] INFO tc.mysql:8.2 -- Pulling image layers:  2 pending,  8 downloaded,  1 extracted, (91 MB/? MB)
22:05:53.786 [docker-java-stream--433032917] INFO tc.mysql:8.2 -- Pulling image layers:  2 pending,  8 downloaded,  2 extracted, (91 MB/? MB)
22:05:53.799 [docker-java-stream--433032917] INFO tc.mysql:8.2 -- Pulling image layers:  2 pending,  8 downloaded,  3 extracted, (92 MB/? MB)
22:05:53.881 [docker-java-stream--433032917] INFO tc.mysql:8.2 -- Pulling image layers:  2 pending,  8 downloaded,  4 extracted, (96 MB/? MB)
22:05:53.890 [docker-java-stream--433032917] INFO tc.mysql:8.2 -- Pulling image layers:  2 pending,  8 downloaded,  5 extracted, (96 MB/? MB)
22:05:53.895 [docker-java-stream--433032917] INFO tc.mysql:8.2 -- Pulling image layers:  2 pending,  8 downloaded,  6 extracted, (96 MB/? MB)
22:05:54.382 [docker-java-stream--433032917] INFO tc.mysql:8.2 -- Pulling image layers:  1 pending,  9 downloaded,  6 extracted, (124 MB/? MB)
22:05:55.158 [docker-java-stream--433032917] INFO tc.mysql:8.2 -- Pulling image layers:  1 pending,  9 downloaded,  7 extracted, (158 MB/? MB)
22:05:55.166 [docker-java-stream--433032917] INFO tc.mysql:8.2 -- Pulling image layers:  1 pending,  9 downloaded,  8 extracted, (158 MB/? MB)
22:05:55.433 [docker-java-stream--433032917] INFO tc.mysql:8.2 -- Pulling image layers:  0 pending, 10 downloaded,  8 extracted, (175 MB/176 MB)
22:05:58.257 [docker-java-stream--433032917] INFO tc.mysql:8.2 -- Pulling image layers:  0 pending, 10 downloaded,  9 extracted, (176 MB/176 MB)
22:05:58.263 [docker-java-stream--433032917] INFO tc.mysql:8.2 -- Pulling image layers:  0 pending, 10 downloaded, 10 extracted, (176 MB/176 MB)
22:05:58.276 [docker-java-stream--433032917] INFO tc.mysql:8.2 -- Pull complete. 10 layers, pulled in 7s (downloaded 176 MB at 25 MB/s)
22:05:58.277 [Test worker] INFO tc.mysql:8.2 -- Image mysql:8.2 pull took PT8.408075S
22:05:58.375 [Test worker] INFO org.springframework.boot.test.context.SpringBootTestContextBootstrapper -- Found @SpringBootConfiguration org.springframework.samples.petclinic.PetClinicApplication for test class org.springframework.samples.petclinic.MySqlIntegrationTests
22:05:58.421 [Test worker] INFO tc.mysql:8.2 -- Creating container for image: mysql:8.2
22:05:58.568 [Test worker] INFO tc.mysql:8.2 -- Container mysql:8.2 is starting: b406c4cb50bb8192643511aa6f55e4997cca41268e54471a1969e878ffb3485b
22:05:58.772 [Test worker] INFO tc.mysql:8.2 -- Waiting for database connection to become available at jdbc:mysql://localhost:62314/test using query 'SELECT 1'
22:06:04.622 [Test worker] INFO tc.mysql:8.2 -- Container mysql:8.2 started in PT6.200644S
22:06:04.622 [Test worker] INFO tc.mysql:8.2 -- Container is started (JDBC URL: jdbc:mysql://localhost:62314/test)


              |\      _,,,--,,_
             /,`.-'`'   ._  \-;;,_
  _______ __|,4-  ) )_   .;.(__`'-'__     ___ __    _ ___ _______
 |       | '---''(_/._)-'(_\_)   |   |   |   |  |  | |   |       |
 |    _  |    ___|_     _|       |   |   |   |   |_| |   |       | __ _ _
 |   |_| |   |___  |   | |       |   |   |   |       |   |       | \ \ \ \
 |    ___|    ___| |   | |      _|   |___|   |  _    |   |      _|  \ \ \ \
 |   |   |   |___  |   | |     |_|       |   | | |   |   |     |_    ) ) ) )
 |___|   |_______| |___| |_______|_______|___|_|  |__|___|_______|  / / / /
 ==================================================================/_/_/_/

:: Built with Spring Boot :: 3.2.0


2025-06-06T22:06:04.789+01:00  INFO 28389 --- [    Test worker] o.s.s.petclinic.MySqlIntegrationTests    : Starting MySqlIntegrationTests using Java 17.0.15 with PID 28389 (started by joelirish in /Users/joelirish/DevOps/DevSecops_Pipeline)
2025-06-06T22:06:04.789+01:00  INFO 28389 --- [    Test worker] o.s.s.petclinic.MySqlIntegrationTests    : The following 1 profile is active: "mysql"
2025-06-06T22:06:05.154+01:00  INFO 28389 --- [    Test worker] .s.d.r.c.RepositoryConfigurationDelegate : Bootstrapping Spring Data JPA repositories in DEFAULT mode.
2025-06-06T22:06:05.178+01:00  INFO 28389 --- [    Test worker] .s.d.r.c.RepositoryConfigurationDelegate : Finished Spring Data repository scanning in 21 ms. Found 2 JPA repository interfaces.
2025-06-06T22:06:05.497+01:00  INFO 28389 --- [    Test worker] o.s.b.w.embedded.tomcat.TomcatWebServer  : Tomcat initialized with port 0 (http)
2025-06-06T22:06:05.502+01:00  INFO 28389 --- [    Test worker] o.apache.catalina.core.StandardService   : Starting service [Tomcat]
2025-06-06T22:06:05.502+01:00  INFO 28389 --- [    Test worker] o.apache.catalina.core.StandardEngine    : Starting Servlet engine: [Apache Tomcat/10.1.16]
2025-06-06T22:06:05.547+01:00  INFO 28389 --- [    Test worker] o.a.c.c.C.[Tomcat].[localhost].[/]       : Initializing Spring embedded WebApplicationContext
2025-06-06T22:06:05.548+01:00  INFO 28389 --- [    Test worker] w.s.c.ServletWebServerApplicationContext : Root WebApplicationContext: initialization completed in 744 ms
2025-06-06T22:06:05.654+01:00  INFO 28389 --- [    Test worker] com.zaxxer.hikari.HikariDataSource       : HikariPool-1 - Starting...
2025-06-06T22:06:05.750+01:00  INFO 28389 --- [    Test worker] com.zaxxer.hikari.pool.HikariPool        : HikariPool-1 - Added connection com.mysql.cj.jdbc.ConnectionImpl@346a2799
2025-06-06T22:06:05.750+01:00  INFO 28389 --- [    Test worker] com.zaxxer.hikari.HikariDataSource       : HikariPool-1 - Start completed.
2025-06-06T22:06:05.957+01:00  INFO 28389 --- [    Test worker] o.hibernate.jpa.internal.util.LogHelper  : HHH000204: Processing PersistenceUnitInfo [name: default]
2025-06-06T22:06:05.983+01:00  INFO 28389 --- [    Test worker] org.hibernate.Version                    : HHH000412: Hibernate ORM core version 6.3.1.Final
2025-06-06T22:06:05.996+01:00  INFO 28389 --- [    Test worker] o.h.c.internal.RegionFactoryInitiator    : HHH000026: Second-level cache disabled
2025-06-06T22:06:06.081+01:00  INFO 28389 --- [    Test worker] o.s.o.j.p.SpringPersistenceUnitInfo      : No LoadTimeWeaver setup: ignoring JPA class transformer
2025-06-06T22:06:06.468+01:00  INFO 28389 --- [    Test worker] o.h.e.t.j.p.i.JtaPlatformInitiator       : HHH000489: No JTA platform available (set 'hibernate.transaction.jta.platform' to enable JTA platform integration)
2025-06-06T22:06:06.469+01:00  INFO 28389 --- [    Test worker] j.LocalContainerEntityManagerFactoryBean : Initialized JPA EntityManagerFactory for persistence unit 'default'
2025-06-06T22:06:06.478+01:00  INFO 28389 --- [    Test worker] tc.mysql:8.2                             : Creating container for image: mysql:8.2
2025-06-06T22:06:06.542+01:00  INFO 28389 --- [    Test worker] tc.mysql:8.2                             : Container mysql:8.2 is starting: 7255f633ff7b6b6705b1b311ce9110da35088f20c581d99b01c1f7c443ce09df
2025-06-06T22:06:06.741+01:00  INFO 28389 --- [    Test worker] tc.mysql:8.2                             : Waiting for database connection to become available at jdbc:mysql://localhost:62379/test using query 'SELECT 1'
2025-06-06T22:06:12.976+01:00  INFO 28389 --- [    Test worker] tc.mysql:8.2                             : Container mysql:8.2 started in PT6.497353S
2025-06-06T22:06:12.976+01:00  INFO 28389 --- [    Test worker] tc.mysql:8.2                             : Container is started (JDBC URL: jdbc:mysql://localhost:62379/test)
2025-06-06T22:06:13.131+01:00  INFO 28389 --- [    Test worker] o.s.d.j.r.query.QueryEnhancerFactory     : Hibernate is in classpath; If applicable, HQL parser will be used.
2025-06-06T22:06:13.726+01:00  INFO 28389 --- [    Test worker] o.s.b.a.e.web.EndpointLinksResolver      : Exposing 13 endpoint(s) beneath base path '/actuator'
2025-06-06T22:06:13.778+01:00  INFO 28389 --- [    Test worker] o.s.b.w.embedded.tomcat.TomcatWebServer  : Tomcat started on port 62439 (http) with context path ''
2025-06-06T22:06:13.785+01:00  INFO 28389 --- [    Test worker] o.s.s.petclinic.MySqlIntegrationTests    : Started MySqlIntegrationTests in 9.136 seconds (process running for 29.837)
2025-06-06T22:06:14.320+01:00  INFO 28389 --- [o-auto-1-exec-1] o.a.c.c.C.[Tomcat].[localhost].[/]       : Initializing Spring DispatcherServlet 'dispatcherServlet'
2025-06-06T22:06:14.320+01:00  INFO 28389 --- [o-auto-1-exec-1] o.s.web.servlet.DispatcherServlet        : Initializing Servlet 'dispatcherServlet'
2025-06-06T22:06:14.321+01:00  INFO 28389 --- [o-auto-1-exec-1] o.s.web.servlet.DispatcherServlet        : Completed initialization in 1 ms
]]></system-out>
  <system-err><![CDATA[]]></system-err>
</testsuite>
