<?xml version="1.0" encoding="UTF-8"?>
<testsuite name="org.springframework.samples.petclinic.model.ValidatorTests" tests="1" skipped="0" failures="0" errors="0" timestamp="2025-06-06T21:06:25" hostname="Joels-Laptop.lan" time="0.03">
  <properties/>
  <testcase name="shouldNotValidateWhenFirstNameEmpty()" classname="org.springframework.samples.petclinic.model.ValidatorTests" time="0.03"/>
  <system-out><![CDATA[]]></system-out>
  <system-err><![CDATA[]]></system-err>
</testsuite>
